
Total FastQ records: 250000

FastQ records for barcode TTCCTACCAGTCGAT: 2305
FastQ records for barcode CCGCAATCATCGAT: 1432
FastQ records for barcode TCCTGGCACATCGAT: 3170
FastQ records for barcode CTGAGTTCCGACGAT: 2281
FastQ records for barcode CCTTAGAGTTCGAT: 1285
FastQ records for barcode TTCCTGCTTCACGAT: 2302
FastQ records for barcode TCACTCGGATCGAT: 1791
FastQ records for barcode TCTAGCTCTTCGAT: 2270
FastQ records for barcode TCCTTGATGTTCGAT: 2023
FastQ records for barcode TCCTAGAACACGAT: 2082
FastQ records for barcode TCTGGCAACGGCGAT: 4154
FastQ records for barcode TCCACCTCCTCGAT: 2425
FastQ records for barcode CCGGAGAATCGCGAT: 1400
FastQ records for barcode CTGGCAATCCTCGAT: 2024
FastQ records for barcode CCGCATGGAACGAT: 1047
FastQ records for barcode TTGAGCCTATTCGAT: 1839
FastQ records for barcode CGGACAATGGCGAT: 2733
FastQ records for barcode TCCTAACATAACGAT: 2296
FastQ records for barcode TTCTAAGAGACGAT: 2113
FastQ records for barcode TAAGGCAACCACGAT: 2267
FastQ records for barcode TCAGTCCGAACGAT: 2463
FastQ records for barcode TGGAGCTTCCTCGAT: 2534
FastQ records for barcode TTGGAGGCCAGCGAT: 3211
FastQ records for barcode CTTGACACCGCGAT: 2709
FastQ records for barcode TCGCATCGTTCGAT: 2869
FastQ records for barcode TTCTCATTGAACGAT: 2337
FastQ records for barcode TCTTACACACGAT: 2111
FastQ records for barcode CGAGGTTATCGAT: 1364
FastQ records for barcode TCGACCACTCGAT: 2797
FastQ records for barcode ATCCGGAATCGAT: 2829
FastQ records for barcode AACCATCCGCGAT: 3708
FastQ records for barcode TTACAACCTCGAT: 2858
FastQ records for barcode CCTGAGATACGAT: 1765
FastQ records for barcode AACCTCATTCGAT: 1429
FastQ records for barcode TGCCACGAACGAT: 3164
FastQ records for barcode TTCGAGACGCGAT: 2475
FastQ records for barcode TCGCAATTACGAT: 2299
FastQ records for barcode CAGATCCATCGAT: 1882
FastQ records for barcode TTAGTCGGACGAT: 1547
FastQ records for barcode AGGCAATTGCGAT: 1545
FastQ records for barcode TCTATTCGTCGAT: 1720
FastQ records for barcode TCTGGATGACGAT: 2077
FastQ records for barcode TCTAGAGGTCGAT: 2657
FastQ records for barcode TTGGAGTGTCGAT: 1775
FastQ records for barcode TCTAACGGACGAT: 3147
FastQ records for barcode TAGGTGGTTCGAT: 2140
FastQ records for barcode TCCTCGAATCGAT: 1942
FastQ records for barcode CTGACCGAACGAT: 1735

FastQ records with no barcode match: 141672

Number of mismatches allowed: 0

